This is pdfTeX, Version 3.14159265-2.6-1.40.16 (TeX Live 2015/Debian) (preloaded format=latex 2016.8.24)  28 SEP 2016 20:13
entering extended mode
 restricted \write18 enabled.
 %&-line parsing enabled.
**count1to.ins everysel.ins everyshi.ins multitoc.ins prelim2e.ins ragged2e.ins

(./count1to.ins
LaTeX2e <2016/02/01>
Babel <3.9q> and hyphenation patterns for 3 language(s) loaded.
File: count1to.ins 2009/05/24 v2.1 Installation script for Count1to9 Package (M
S)
(/usr/share/texlive/texmf-dist/tex/latex/base/docstrip.tex
\blockLevel=\count79
\emptyLines=\count80
\processedLines=\count81
\commentsRemoved=\count82
\commentsPassed=\count83
\codeLinesPassed=\count84
\TotalprocessedLines=\count85
\TotalcommentsRemoved=\count86
\TotalcommentsPassed=\count87
\TotalcodeLinesPassed=\count88
\NumberOfFiles=\count89
\inFile=\read1
\inputcheck=\read2
\off@0=\count90
\off@1=\count91
\off@2=\count92
\off@3=\count93
\off@4=\count94
\off@5=\count95
\off@6=\count96
\off@7=\count97
\off@8=\count98
\off@9=\count99
\off@10=\count100
\off@11=\count101
\off@12=\count102
\off@13=\count103
\off@14=\count104
\off@15=\count105
\@maxfiles=\count106
\@maxoutfiles=\count107

Utility: `docstrip' 2.5e <2014/09/29>
English documentation    <2014/09/29>

**********************************************************
* This program converts documented macro-files into fast *
* loadable files by stripping off (nearly) all comments! *
**********************************************************

********************************************************
* No Configuration file found, using default settings. *
********************************************************

)
***********************************************************
*
* The count1to distribution contains these files:
*
*   count1to.dtx
*   count1to.ins
*   count1to.bug
*
* If you receive only some of these files from someone, complain!
*
***********************************************************

Generating file(s) ./count1to.sty ./count1to.drv 
\openout0 = `./count1to.sty'.

\openout1 = `./count1to.drv'.


Processing file count1to.dtx (package) -> count1to.sty
                             (driver) -> count1to.drv
Lines  processed: 500
Comments removed: 359
Comments  passed: 40
Codelines passed: 95

***********************************************************
*
* To finish the installation you have to move the following
* style files into a directory searched by TeX:
*
*   count1to.sty
*
* To produce the documentation run the file count1to.drv
* through LaTeX.
*
* Happy TeXing
***********************************************************
 ) 
Here is how much of TeX's memory you used:
 320 strings out of 494954
 3285 string characters out of 6181003
 54070 words of memory out of 5000000
 3698 multiletter control sequences out of 15000+600000
 3640 words of font info for 14 fonts, out of 8000000 for 9000
 14 hyphenation exceptions out of 8191
 11i,0n,15p,175b,128s stack positions out of 5000i,500n,10000p,200000b,80000s

No pages of output.
