This is pdfTeX, Version 3.14159265-2.6-1.40.16 (TeX Live 2015/Debian) (preloaded format=latex 2016.8.24)  29 SEP 2016 07:50
entering extended mode
 restricted \write18 enabled.
 %&-line parsing enabled.
**wasysym.dtx
(./wasysym.dtx
LaTeX2e <2016/02/01>
Babel <3.9q> and hyphenation patterns for 3 language(s) loaded.
(/usr/share/texlive/texmf-dist/tex/latex/base/ltxdoc.cls
Document Class: ltxdoc 2015/03/26 v2.0w Standard LaTeX documentation class
(/usr/share/texlive/texmf-dist/tex/latex/base/article.cls
Document Class: article 2014/09/29 v1.4h Standard LaTeX document class
(/usr/share/texlive/texmf-dist/tex/latex/base/size10.clo
File: size10.clo 2014/09/29 v1.4h Standard LaTeX file (size option)
)
\c@part=\count79
\c@section=\count80
\c@subsection=\count81
\c@subsubsection=\count82
\c@paragraph=\count83
\c@subparagraph=\count84
\c@figure=\count85
\c@table=\count86
\abovecaptionskip=\skip41
\belowcaptionskip=\skip42
\bibindent=\dimen102
)
(/usr/share/texlive/texmf-dist/tex/latex/base/doc.sty
Package: doc 2014/09/29 v2.1e Standard LaTeX documentation package (FMi)
\c@StandardModuleDepth=\count87
\guard@level=\count88
\MacrocodeTopsep=\skip43
\MacroIndent=\dimen103
\macro@cnt=\count89
\MacroTopsep=\skip44
\index@excludelist=\toks14

(/usr/share/texlive/texmf-dist/tex/latex/tools/multicol.sty
Package: multicol 2015/08/19 v1.8n multicolumn formatting (FMi)
\c@tracingmulticols=\count90
\mult@box=\box26
\multicol@leftmargin=\dimen104
\c@unbalance=\count91
\c@collectmore=\count92
\doublecol@number=\count93
\multicoltolerance=\count94
\multicolpretolerance=\count95
\full@width=\dimen105
\page@free=\dimen106
\premulticols=\dimen107
\postmulticols=\dimen108
\multicolsep=\skip45
\multicolbaselineskip=\skip46
\partial@page=\box27
\last@line=\box28
\maxbalancingoverflow=\dimen109
\mult@rightbox=\box29
\mult@grightbox=\box30
\mult@gfirstbox=\box31
\mult@firstbox=\box32
\@tempa=\box33
\@tempa=\box34
\@tempa=\box35
\@tempa=\box36
\@tempa=\box37
\@tempa=\box38
\@tempa=\box39
\@tempa=\box40
\@tempa=\box41
\@tempa=\box42
\@tempa=\box43
\@tempa=\box44
\@tempa=\box45
\@tempa=\box46
\@tempa=\box47
\@tempa=\box48
\@tempa=\box49
\c@columnbadness=\count96
\c@finalcolumnbadness=\count97
\last@try=\dimen110
\multicolovershoot=\dimen111
\multicolundershoot=\dimen112
\mult@nat@firstbox=\box50
\colbreak@box=\box51
\mc@col@check@num=\count98
)
\IndexMin=\dimen113
\c@IndexColumns=\count99
\GlossaryMin=\dimen114
\c@GlossaryColumns=\count100
\check@sum=\count101
\bslash@cnt=\count102
\wrong@table=\toks15
\c@CodelineNo=\count103
)) (./wasysym.sty
Package: wasysym 2003/10/30 v2.0 Wasy-2 symbol support package
\symwasy=\mathgroup4
LaTeX Font Info:    Overwriting symbol font `wasy' in version `bold'
(Font)                  U/wasy/m/n --> U/wasy/b/n on input line 90.
)
No file wasysym.aux.
\openout1 = `wasysym.aux'.

LaTeX Font Info:    Checking defaults for OML/cmm/m/it on input line 73.
LaTeX Font Info:    ... okay on input line 73.
LaTeX Font Info:    Checking defaults for T1/cmr/m/n on input line 73.
LaTeX Font Info:    ... okay on input line 73.
LaTeX Font Info:    Checking defaults for OT1/cmr/m/n on input line 73.
LaTeX Font Info:    ... okay on input line 73.
LaTeX Font Info:    Checking defaults for OMS/cmsy/m/n on input line 73.
LaTeX Font Info:    ... okay on input line 73.
LaTeX Font Info:    Checking defaults for OMX/cmex/m/n on input line 73.
LaTeX Font Info:    ... okay on input line 73.
LaTeX Font Info:    Checking defaults for U/cmr/m/n on input line 73.
LaTeX Font Info:    ... okay on input line 73.
Package doc Info: Made | a short reference for \verb on input line 73.
(./wasysym.dtx
***************************
* Character table correct *
***************************
LaTeX Font Info:    External font `cmex10' loaded for size
(Font)              <17.28> on input line 83.
LaTeX Font Info:    External font `cmex10' loaded for size
(Font)              <12> on input line 83.
LaTeX Font Info:    Try loading font information for U+wasy on input line 83.
(./uwasy.fd
File: uwasy.fd 2003/10/30 v2.0 Wasy-2 symbol font definitions
)
! Font U/wasy/m/n/17.28=wasy10 at 17.28pt not loadable: Metric (TFM) file not f
ound.
<to be read again> 
                   relax 
l.83 % \maketitle
                 
? 
! Font U/wasy/m/n/12=wasy10 at 12.0pt not loadable: Metric (TFM) file not found
.
<to be read again> 
                   relax 
l.83 % \maketitle
                 
? 
! Font U/wasy/m/n/10=wasy10 at 10.0pt not loadable: Metric (TFM) file not found
.
<to be read again> 
                   relax 
l.83 % \maketitle
                 
? 
LaTeX Font Info:    External font `cmex10' loaded for size
(Font)              <8> on input line 83.
LaTeX Font Info:    External font `cmex10' loaded for size
(Font)              <6> on input line 83.
! Font U/wasy/m/n/8=wasy8 at 8.0pt not loadable: Metric (TFM) file not found.
<to be read again> 
                   relax 
l.83 % \maketitle
                 
? 
! Font U/wasy/m/n/6=wasy6 at 6.0pt not loadable: Metric (TFM) file not found.
<to be read again> 
                   relax 
l.83 % \maketitle
                 
? 
LaTeX Font Info:    External font `cmex10' loaded for size
(Font)              <7> on input line 111.
LaTeX Font Info:    External font `cmex10' loaded for size
(Font)              <5> on input line 111.
! Font U/wasy/m/n/7=wasy7 at 7.0pt not loadable: Metric (TFM) file not found.
<to be read again> 
                   relax 
l.111 %    |\Join|~$\Join
                         $ \quad
? 
! Font U/wasy/m/n/5=wasy5 at 5.0pt not loadable: Metric (TFM) file not found.
<to be read again> 
                   relax 
l.111 %    |\Join|~$\Join
                         $ \quad
? 
! \textfont 4 is undefined (character 1).
l.111 %    |\Join|~$\Join$
                           \quad
? 
! \textfont 4 is undefined (character 2).
l.112 %    |\Box|~$\Box$
                         \quad
? 
! \textfont 4 is undefined (character 3).
l.113 %    |\Diamond|~$\Diamond$
                                 \quad
? 
! \textfont 4 is undefined (character ;).
l.114 %    |\leadsto|~$\leadsto$
                                 \quad
? 
! \textfont 4 is undefined (character <).
l.115 %    |\sqsubset|~$\sqsubset$
                                   \quad
? 
! \textfont 4 is undefined (character =).
l.116 %    |\sqsupset|~$\sqsupset$
                                   \quad
? 
! \textfont 4 is undefined (character ^^A).
l.117 %    |\lhd|~$\lhd$
                         \quad
? 
! \textfont 4 is undefined (character ^^B).
l.118 %    |\unlhd|~$\unlhd$
                             \quad
? 
! \textfont 4 is undefined (character ^^P).
l.119 %    |\LHD|~$\LHD$
                        \quad
? 
! \textfont 4 is undefined (character ^^C).
l.120 %    |\rhd|~$\rhd$
                         \quad
? 
! \textfont 4 is undefined (character ^^D).
l.121 %    |\unrhd|~$\unrhd$
                             \quad
? 
! \textfont 4 is undefined (character ^^Q).
l.122 %    |\RHD|~$\RHD$
                        \quad
? 
! \textfont 4 is undefined (character >).
l.123 %    |\apprle|~$\apprle$
                              \quad
? 
! \textfont 4 is undefined (character ?).
l.124 %    |\apprge|~$\apprge$
                              \quad
? 
! \textfont 4 is undefined (character ^^]).
l.125 %    |\wasypropto|~$\wasypropto$
                                      \quad
? 
! \textfont 4 is undefined (character ^^X).
l.126 %    |\invneg|~$\invneg$
                              \quad
? 
! \textfont 4 is undefined (character #).
l.127 %    |\ocircle|~$\ocircle$
                                \quad
? 
! \textfont 4 is undefined (character ^^V).
l.128 %    |\logof|~$\logof$
                            \quad
? 
LaTeX Font Info:    Try loading font information for OMS+cmr on input line 136.

(/usr/share/texlive/texmf-dist/tex/latex/base/omscmr.fd
File: omscmr.fd 2014/09/29 v2.5h Standard LaTeX font definitions
)
LaTeX Font Info:    Font shape `OMS/cmr/m/n' in size <10> not available
(Font)              Font shape `OMS/cmsy/m/n' tried instead on input line 136.

! \textfont 4 is undefined (character r).
l.139 %    |\int|~$\int$
                        \quad
? 
! \textfont 4 is undefined (character s).
l.140 %    |\iint|~$\iint$
                          \quad
? 
! \textfont 4 is undefined (character t).
l.141 %    |\iiint|~$\iiint$
                            \quad
? 
! \textfont 4 is undefined (character u).
l.142 %    |\oint|~$\oint$
                          \quad
? 
! \textfont 4 is undefined (character v).
l.143 %    |\oiint|~$\oiint$
                            
? 
[1

]
! \textfont 4 is undefined (character r).
l.159 %    |\varint|~$\int$
                           \quad
? 
! \textfont 4 is undefined (character s).
l.160 %    |\iint|~$\iint$
                          \quad
? 
! \textfont 4 is undefined (character t).
l.161 %    |\iiint|~$\iiint$
                            \quad
? 
! \textfont 4 is undefined (character u).
l.162 %    |\varoint|~$\oint$
                             \quad
? 
! \textfont 4 is undefined (character v).
l.163 %    |\oiint|~$\oiint$
                            
? 
Missing character: There is no ^^Z in font nullfont!
Missing character: There is no ^^Y in font nullfont!
Missing character: There is no ^^[ in font nullfont!
Missing character: There is no ^^G in font nullfont!
Missing character: There is no ^^F in font nullfont!
Missing character: There is no ^^\ in font nullfont!
Missing character: There is no ^^R in font nullfont!
Missing character: There is no 	 in font nullfont!
Missing character: There is no ^^Q in font nullfont!
Missing character: There is no ^^P in font nullfont!
Missing character: There is no K in font nullfont!
Missing character: There is no L in font nullfont!
Missing character: There is no ^^_ in font nullfont!
Missing character: There is no ^^U in font nullfont!
Missing character: There is no ^^^ in font nullfont!
Missing character: There is no 5 in font nullfont!
Missing character: There is no 6 in font nullfont!
Missing character: There is no , in font nullfont!
Missing character: There is no / in font nullfont!
Missing character: There is no - in font nullfont!
Missing character: There is no . in font nullfont!
Missing character: There is no ^^H in font nullfont!
Missing character: There is no 
 in font nullfont!
Missing character: There is no m in font nullfont!
Missing character: There is no g in font nullfont!
Missing character: There is no h in font nullfont!
Missing character: There is no | in font nullfont!
Missing character: There is no ^^E in font nullfont!
Missing character: There is no 1 in font nullfont!
Missing character: There is no 0 in font nullfont!

Overfull \hbox (410.88408pt too wide) in paragraph at lines 172--202
[][]\OT1/cmtt/m/n/10 \male [] []\female [] []\currency  []\phone  []\recorder  
[]\clock  []\lightning  []\pointer  []\RIGHTarrow  []\LEFTarrow  []\UParrow  []
\DOWNarrow  []\diameter []
 []

Missing character: There is no : in font nullfont!
Missing character: There is no : in font nullfont!
Missing character: There is no : in font nullfont!
Missing character: There is no @ in font nullfont!
Missing character: There is no : in font nullfont!
Missing character: There is no : in font nullfont!
Missing character: There is no : in font nullfont!
Missing character: There is no : in font nullfont!
Missing character: There is no Q in font nullfont!
Missing character: There is no P in font nullfont!
Missing character: There is no P in font nullfont!
Missing character: There is no P in font nullfont!
Missing character: There is no P in font nullfont!
Missing character: There is no P in font nullfont!
Missing character: There is no P in font nullfont!
Missing character: There is no R in font nullfont!
! \textfont 4 is undefined (character 2).
<argument> $\Box $
                  
l.217 %  |\Square|~\Square
                           \quad
? 
Missing character: There is no 4 in font nullfont!
Missing character: There is no 2 in font nullfont!
Missing character: There is no ^^H in font nullfont!
Missing character: There is no 7 in font nullfont!
Missing character: There is no 9 in font nullfont!
Missing character: There is no D in font nullfont!
Missing character: There is no 8 in font nullfont!
Missing character: There is no A in font nullfont!
Missing character: There is no B in font nullfont!
Missing character: There is no C in font nullfont!
Missing character: There is no  in font nullfont!
Missing character: There is no ^^L in font nullfont!
Missing character: There is no ^^M in font nullfont!
Missing character: There is no ^^N in font nullfont!
Missing character: There is no ^^O in font nullfont!
Missing character: There is no # in font nullfont!
Missing character: There is no   in font nullfont!
Missing character: There is no I in font nullfont!
Missing character: There is no G in font nullfont!
Missing character: There is no J in font nullfont!
Missing character: There is no H in font nullfont!
Missing character: There is no G in font nullfont!
Missing character: There is no # in font nullfont!
Missing character: There is no H in font nullfont!
Missing character: There is no # in font nullfont!
Missing character: There is no " in font nullfont!
Missing character: There is no ! in font nullfont!
Missing character: There is no k in font nullfont!
Missing character: There is no i in font nullfont!
Missing character: There is no j in font nullfont!
Missing character: There is no l in font nullfont!
Missing character: There is no U in font nullfont!
[2]
Missing character: There is no ^^W in font nullfont!
Missing character: There is no ^^S in font nullfont!
Missing character: There is no ^^T in font nullfont!
Missing character: There is no # in font nullfont!
Missing character: There is no   in font nullfont!
Missing character: There is no $ in font nullfont!
Missing character: There is no % in font nullfont!
Missing character: There is no ' in font nullfont!
Missing character: There is no ^^Y in font nullfont!
Missing character: There is no & in font nullfont!
Missing character: There is no ^^Z in font nullfont!
Missing character: There is no X in font nullfont!
Missing character: There is no Y in font nullfont!
Missing character: There is no Z in font nullfont!
Missing character: There is no [ in font nullfont!
Missing character: There is no \ in font nullfont!
Missing character: There is no ^^W in font nullfont!
Missing character: There is no ] in font nullfont!
Missing character: There is no ^ in font nullfont!
Missing character: There is no _ in font nullfont!
Missing character: There is no ^^S in font nullfont!
Missing character: There is no ` in font nullfont!
Missing character: There is no a in font nullfont!
Missing character: There is no b in font nullfont!
Missing character: There is no c in font nullfont!
Missing character: There is no d in font nullfont!
Missing character: There is no e in font nullfont!
Missing character: There is no f in font nullfont!
Missing character: There is no V in font nullfont!
Missing character: There is no W in font nullfont!
Missing character: There is no E in font nullfont!
Missing character: There is no ^^V in font nullfont!
Missing character: There is no ~ in font nullfont!
Missing character: There is no ^^@ in font nullfont!
Missing character: There is no F in font nullfont!
Missing character: There is no } in font nullfont!
Missing character: There is no ^^? in font nullfont!
Missing character: There is no ~ in font nullfont!
Missing character: There is no n in font nullfont!
Missing character: There is no o in font nullfont!
Missing character: There is no p in font nullfont!
Missing character: There is no q in font nullfont!
) [3] (./wasysym.aux) ) 
Here is how much of TeX's memory you used:
 797 strings out of 494954
 9350 string characters out of 6181003
 64365 words of memory out of 5000000
 4131 multiletter control sequences out of 15000+600000
 8885 words of font info for 32 fonts, out of 8000000 for 9000
 14 hyphenation exceptions out of 8191
 30i,6n,21p,226b,208s stack positions out of 5000i,500n,10000p,200000b,80000s

Output written on wasysym.dvi (3 pages, 7208 bytes).
